1727461946.070986 client started (24957): version 3.4, socket /run/user/1000/tmux-1000/default, protocol 8
1727461946.071021 on Linux 6.11.0 #1-NixOS SMP PREEMPT_DYNAMIC Sun Sep 15 14:57:56 UTC 2024
1727461946.071027 using libevent 2.1.12-stable poll
1727461946.071038 using utf8proc 2.9.0
1727461946.071041 using ncurses 6.4 20221231
1727461946.071058 flags are 0x10010000
1727461946.071075 socket is /run/user/1000/tmux-1000/default
1727461946.071099 trying connect
1727461946.071189 add peer 0x35527090: 6 ((nil))
1727461946.071589 sending message 100 to peer 0x35527090 (4 bytes)
1727461946.071597 sending message 111 to peer 0x35527090 (8 bytes)
1727461946.071601 sending message 101 to peer 0x35527090 (14 bytes)
1727461946.071605 sending message 109 to peer 0x35527090 (4 bytes)
1727461946.071609 sending message 102 to peer 0x35527090 (11 bytes)
1727461946.071612 sending message 108 to peer 0x35527090 (28 bytes)
1727461946.071616 sending message 112 to peer 0x35527090 (70 bytes)
1727461946.071619 sending message 112 to peer 0x35527090 (5 bytes)
1727461946.071623 sending message 112 to peer 0x35527090 (5 bytes)
1727461946.071626 sending message 112 to peer 0x35527090 (6 bytes)
1727461946.071629 sending message 112 to peer 0x35527090 (6 bytes)
1727461946.071632 sending message 112 to peer 0x35527090 (11 bytes)
1727461946.071635 sending message 112 to peer 0x35527090 (10 bytes)
1727461946.071639 sending message 112 to peer 0x35527090 (13 bytes)
1727461946.071642 sending message 112 to peer 0x35527090 (13 bytes)
1727461946.071645 sending message 112 to peer 0x35527090 (18 bytes)
1727461946.071649 sending message 112 to peer 0x35527090 (11 bytes)
1727461946.071652 sending message 112 to peer 0x35527090 (10 bytes)
1727461946.071655 sending message 112 to peer 0x35527090 (15 bytes)
1727461946.071658 sending message 112 to peer 0x35527090 (21 bytes)
1727461946.071661 sending message 112 to peer 0x35527090 (13 bytes)
1727461946.071665 sending message 112 to peer 0x35527090 (7 bytes)
1727461946.071668 sending message 112 to peer 0x35527090 (13 bytes)
1727461946.071671 sending message 112 to peer 0x35527090 (7 bytes)
1727461946.071674 sending message 112 to peer 0x35527090 (13 bytes)
1727461946.071678 sending message 112 to peer 0x35527090 (9 bytes)
1727461946.071681 sending message 112 to peer 0x35527090 (21 bytes)
1727461946.071684 sending message 112 to peer 0x35527090 (13 bytes)
1727461946.071688 sending message 112 to peer 0x35527090 (8 bytes)
1727461946.071691 sending message 112 to peer 0x35527090 (12 bytes)
1727461946.071694 sending message 112 to peer 0x35527090 (13 bytes)
1727461946.071697 sending message 112 to peer 0x35527090 (9 bytes)
1727461946.071700 sending message 112 to peer 0x35527090 (9 bytes)
1727461946.071704 sending message 112 to peer 0x35527090 (12 bytes)
1727461946.071707 sending message 112 to peer 0x35527090 (8 bytes)
1727461946.071710 sending message 112 to peer 0x35527090 (8 bytes)
1727461946.071713 sending message 112 to peer 0x35527090 (7 bytes)
1727461946.071717 sending message 112 to peer 0x35527090 (7 bytes)
1727461946.071720 sending message 112 to peer 0x35527090 (9 bytes)
1727461946.071723 sending message 112 to peer 0x35527090 (13 bytes)
1727461946.071726 sending message 112 to peer 0x35527090 (6 bytes)
1727461946.071730 sending message 112 to peer 0x35527090 (9 bytes)
1727461946.071733 sending message 112 to peer 0x35527090 (15 bytes)
1727461946.071736 sending message 112 to peer 0x35527090 (13 bytes)
1727461946.071739 sending message 112 to peer 0x35527090 (12 bytes)
1727461946.071742 sending message 112 to peer 0x35527090 (8 bytes)
1727461946.071746 sending message 112 to peer 0x35527090 (14 bytes)
1727461946.071749 sending message 112 to peer 0x35527090 (11 bytes)
1727461946.071752 sending message 112 to peer 0x35527090 (9 bytes)
1727461946.071755 sending message 112 to peer 0x35527090 (10 bytes)
1727461946.071759 sending message 112 to peer 0x35527090 (10 bytes)
1727461946.071762 sending message 112 to peer 0x35527090 (10 bytes)
1727461946.071765 sending message 112 to peer 0x35527090 (10 bytes)
1727461946.071777 sending message 112 to peer 0x35527090 (11 bytes)
1727461946.071781 sending message 112 to peer 0x35527090 (12 bytes)
1727461946.071784 sending message 112 to peer 0x35527090 (12 bytes)
1727461946.071787 sending message 112 to peer 0x35527090 (12 bytes)
1727461946.071791 sending message 112 to peer 0x35527090 (12 bytes)
1727461946.071794 sending message 112 to peer 0x35527090 (12 bytes)
1727461946.071798 sending message 112 to peer 0x35527090 (11 bytes)
1727461946.071801 sending message 112 to peer 0x35527090 (11 bytes)
1727461946.071804 sending message 112 to peer 0x35527090 (12 bytes)
1727461946.071807 sending message 112 to peer 0x35527090 (12 bytes)
1727461946.071810 sending message 112 to peer 0x35527090 (12 bytes)
1727461946.071814 sending message 112 to peer 0x35527090 (12 bytes)
1727461946.071817 sending message 112 to peer 0x35527090 (12 bytes)
1727461946.071820 sending message 112 to peer 0x35527090 (10 bytes)
1727461946.071823 sending message 112 to peer 0x35527090 (12 bytes)
1727461946.071827 sending message 112 to peer 0x35527090 (13 bytes)
1727461946.071830 sending message 112 to peer 0x35527090 (13 bytes)
1727461946.071833 sending message 112 to peer 0x35527090 (13 bytes)
1727461946.071836 sending message 112 to peer 0x35527090 (13 bytes)
1727461946.071839 sending message 112 to peer 0x35527090 (13 bytes)
1727461946.071843 sending message 112 to peer 0x35527090 (8 bytes)
1727461946.071846 sending message 112 to peer 0x35527090 (11 bytes)
1727461946.071849 sending message 112 to peer 0x35527090 (11 bytes)
1727461946.071853 sending message 112 to peer 0x35527090 (11 bytes)
1727461946.071856 sending message 112 to peer 0x35527090 (12 bytes)
1727461946.071859 sending message 112 to peer 0x35527090 (12 bytes)
1727461946.071862 sending message 112 to peer 0x35527090 (12 bytes)
1727461946.071865 sending message 112 to peer 0x35527090 (12 bytes)
1727461946.071868 sending message 112 to peer 0x35527090 (13 bytes)
1727461946.071872 sending message 112 to peer 0x35527090 (13 bytes)
1727461946.071875 sending message 112 to peer 0x35527090 (13 bytes)
1727461946.071878 sending message 112 to peer 0x35527090 (8 bytes)
1727461946.071881 sending message 112 to peer 0x35527090 (13 bytes)
1727461946.071885 sending message 112 to peer 0x35527090 (13 bytes)
1727461946.071888 sending message 112 to peer 0x35527090 (13 bytes)
1727461946.071891 sending message 112 to peer 0x35527090 (13 bytes)
1727461946.071894 sending message 112 to peer 0x35527090 (13 bytes)
1727461946.071897 sending message 112 to peer 0x35527090 (12 bytes)
1727461946.071900 sending message 112 to peer 0x35527090 (12 bytes)
1727461946.071904 sending message 112 to peer 0x35527090 (12 bytes)
1727461946.071907 sending message 112 to peer 0x35527090 (12 bytes)
1727461946.071910 sending message 112 to peer 0x35527090 (13 bytes)
1727461946.071913 sending message 112 to peer 0x35527090 (8 bytes)
1727461946.071917 sending message 112 to peer 0x35527090 (13 bytes)
1727461946.071920 sending message 112 to peer 0x35527090 (13 bytes)
1727461946.071923 sending message 112 to peer 0x35527090 (13 bytes)
1727461946.071926 sending message 112 to peer 0x35527090 (13 bytes)
1727461946.071929 sending message 112 to peer 0x35527090 (13 bytes)
1727461946.071932 sending message 112 to peer 0x35527090 (13 bytes)
1727461946.071936 sending message 112 to peer 0x35527090 (13 bytes)
1727461946.071939 sending message 112 to peer 0x35527090 (12 bytes)
1727461946.071942 sending message 112 to peer 0x35527090 (12 bytes)
1727461946.071945 sending message 112 to peer 0x35527090 (12 bytes)
1727461946.071948 sending message 112 to peer 0x35527090 (8 bytes)
1727461946.071952 sending message 112 to peer 0x35527090 (12 bytes)
1727461946.071955 sending message 112 to peer 0x35527090 (13 bytes)
1727461946.071958 sending message 112 to peer 0x35527090 (13 bytes)
1727461946.071961 sending message 112 to peer 0x35527090 (13 bytes)
1727461946.071965 sending message 112 to peer 0x35527090 (13 bytes)
1727461946.071968 sending message 112 to peer 0x35527090 (13 bytes)
1727461946.071971 sending message 112 to peer 0x35527090 (13 bytes)
1727461946.071978 sending message 112 to peer 0x35527090 (13 bytes)
1727461946.071982 sending message 112 to peer 0x35527090 (13 bytes)
1727461946.071985 sending message 112 to peer 0x35527090 (12 bytes)
1727461946.071988 sending message 112 to peer 0x35527090 (10 bytes)
1727461946.071992 sending message 112 to peer 0x35527090 (12 bytes)
1727461946.071995 sending message 112 to peer 0x35527090 (12 bytes)
1727461946.071998 sending message 112 to peer 0x35527090 (12 bytes)
1727461946.072001 sending message 112 to peer 0x35527090 (13 bytes)
1727461946.072004 sending message 112 to peer 0x35527090 (13 bytes)
1727461946.072008 sending message 112 to peer 0x35527090 (13 bytes)
1727461946.072011 sending message 112 to peer 0x35527090 (13 bytes)
1727461946.072014 sending message 112 to peer 0x35527090 (13 bytes)
1727461946.072017 sending message 112 to peer 0x35527090 (13 bytes)
1727461946.072021 sending message 112 to peer 0x35527090 (13 bytes)
1727461946.072024 sending message 112 to peer 0x35527090 (10 bytes)
1727461946.072027 sending message 112 to peer 0x35527090 (13 bytes)
1727461946.072030 sending message 112 to peer 0x35527090 (12 bytes)
1727461946.072033 sending message 112 to peer 0x35527090 (12 bytes)
1727461946.072037 sending message 112 to peer 0x35527090 (12 bytes)
1727461946.072040 sending message 112 to peer 0x35527090 (10 bytes)
1727461946.072043 sending message 112 to peer 0x35527090 (10 bytes)
1727461946.072046 sending message 112 to peer 0x35527090 (10 bytes)
1727461946.072050 sending message 112 to peer 0x35527090 (12 bytes)
1727461946.072053 sending message 112 to peer 0x35527090 (13 bytes)
1727461946.072056 sending message 112 to peer 0x35527090 (13 bytes)
1727461946.072059 sending message 112 to peer 0x35527090 (13 bytes)
1727461946.072062 sending message 112 to peer 0x35527090 (13 bytes)
1727461946.072066 sending message 112 to peer 0x35527090 (13 bytes)
1727461946.072069 sending message 112 to peer 0x35527090 (11 bytes)
1727461946.072072 sending message 112 to peer 0x35527090 (11 bytes)
1727461946.072075 sending message 112 to peer 0x35527090 (12 bytes)
1727461946.072079 sending message 112 to peer 0x35527090 (12 bytes)
1727461946.072091 sending message 112 to peer 0x35527090 (12 bytes)
1727461946.072096 sending message 112 to peer 0x35527090 (12 bytes)
1727461946.072099 sending message 112 to peer 0x35527090 (12 bytes)
1727461946.072103 sending message 112 to peer 0x35527090 (11 bytes)
1727461946.072106 sending message 112 to peer 0x35527090 (12 bytes)
1727461946.072109 sending message 112 to peer 0x35527090 (12 bytes)
1727461946.072112 sending message 112 to peer 0x35527090 (13 bytes)
1727461946.072115 sending message 112 to peer 0x35527090 (13 bytes)
1727461946.072119 sending message 112 to peer 0x35527090 (13 bytes)
1727461946.072122 sending message 112 to peer 0x35527090 (13 bytes)
1727461946.072125 sending message 112 to peer 0x35527090 (13 bytes)
1727461946.072128 sending message 112 to peer 0x35527090 (10 bytes)
1727461946.072131 sending message 112 to peer 0x35527090 (9 bytes)
1727461946.072135 sending message 112 to peer 0x35527090 (12 bytes)
1727461946.072138 sending message 112 to peer 0x35527090 (13 bytes)
1727461946.072141 sending message 112 to peer 0x35527090 (13 bytes)
1727461946.072144 sending message 112 to peer 0x35527090 (13 bytes)
1727461946.072147 sending message 112 to peer 0x35527090 (13 bytes)
1727461946.072151 sending message 112 to peer 0x35527090 (13 bytes)
1727461946.072154 sending message 112 to peer 0x35527090 (9 bytes)
1727461946.072157 sending message 112 to peer 0x35527090 (12 bytes)
1727461946.072160 sending message 112 to peer 0x35527090 (13 bytes)
1727461946.072163 sending message 112 to peer 0x35527090 (13 bytes)
1727461946.072167 sending message 112 to peer 0x35527090 (13 bytes)
1727461946.072170 sending message 112 to peer 0x35527090 (13 bytes)
1727461946.072173 sending message 112 to peer 0x35527090 (13 bytes)
1727461946.072176 sending message 112 to peer 0x35527090 (11 bytes)
1727461946.072180 sending message 112 to peer 0x35527090 (12 bytes)
1727461946.072187 sending message 112 to peer 0x35527090 (13 bytes)
1727461946.072190 sending message 112 to peer 0x35527090 (13 bytes)
1727461946.072194 sending message 112 to peer 0x35527090 (13 bytes)
1727461946.072197 sending message 112 to peer 0x35527090 (13 bytes)
1727461946.072201 sending message 112 to peer 0x35527090 (13 bytes)
1727461946.072204 sending message 112 to peer 0x35527090 (11 bytes)
1727461946.072208 sending message 112 to peer 0x35527090 (12 bytes)
1727461946.072211 sending message 112 to peer 0x35527090 (12 bytes)
1727461946.072216 sending message 112 to peer 0x35527090 (12 bytes)
1727461946.072219 sending message 112 to peer 0x35527090 (12 bytes)
1727461946.072223 sending message 112 to peer 0x35527090 (12 bytes)
1727461946.072226 sending message 112 to peer 0x35527090 (21 bytes)
1727461946.072230 sending message 112 to peer 0x35527090 (12 bytes)
1727461946.072234 sending message 112 to peer 0x35527090 (9 bytes)
1727461946.072237 sending message 112 to peer 0x35527090 (6 bytes)
1727461946.072241 sending message 112 to peer 0x35527090 (13 bytes)
1727461946.072245 sending message 112 to peer 0x35527090 (8 bytes)
1727461946.072249 sending message 112 to peer 0x35527090 (15 bytes)
1727461946.072252 sending message 112 to peer 0x35527090 (13 bytes)
1727461946.072256 sending message 112 to peer 0x35527090 (9 bytes)
1727461946.072260 sending message 112 to peer 0x35527090 (70 bytes)
1727461946.072263 sending message 112 to peer 0x35527090 (69 bytes)
1727461946.072267 sending message 112 to peer 0x35527090 (10 bytes)
1727461946.072271 sending message 112 to peer 0x35527090 (10 bytes)
1727461946.072274 sending message 112 to peer 0x35527090 (8 bytes)
1727461946.072278 sending message 112 to peer 0x35527090 (15 bytes)
1727461946.072282 sending message 112 to peer 0x35527090 (13 bytes)
1727461946.072285 sending message 112 to peer 0x35527090 (10 bytes)
1727461946.072289 sending message 112 to peer 0x35527090 (10 bytes)
1727461946.072292 sending message 112 to peer 0x35527090 (17 bytes)
1727461946.072296 sending message 112 to peer 0x35527090 (10 bytes)
1727461946.072299 sending message 112 to peer 0x35527090 (13 bytes)
1727461946.072303 sending message 112 to peer 0x35527090 (9 bytes)
1727461946.072307 sending message 112 to peer 0x35527090 (5 bytes)
1727461946.072310 sending message 112 to peer 0x35527090 (15 bytes)
1727461946.072315 sending message 104 to peer 0x35527090 (0 bytes)
1727461946.072319 sending message 110 to peer 0x35527090 (0 bytes)
1727461946.072324 sending message 107 to peer 0x35527090 (4 bytes)
1727461946.072328 sending message 105 to peer 0x35527090 (19 bytes)
1727461946.072332 sending message 105 to peer 0x35527090 (24 bytes)
1727461946.072336 sending message 105 to peer 0x35527090 (20 bytes)
1727461946.072339 sending message 105 to peer 0x35527090 (54 bytes)
1727461946.072343 sending message 105 to peer 0x35527090 (22 bytes)
1727461946.072347 sending message 105 to peer 0x35527090 (63 bytes)
1727461946.072351 sending message 105 to peer 0x35527090 (11 bytes)
1727461946.072354 sending message 105 to peer 0x35527090 (12 bytes)
1727461946.072358 sending message 105 to peer 0x35527090 (63 bytes)
1727461946.072362 sending message 105 to peer 0x35527090 (57 bytes)
1727461946.072366 sending message 105 to peer 0x35527090 (55 bytes)
1727461946.072370 sending message 105 to peer 0x35527090 (112 bytes)
1727461946.072374 sending message 105 to peer 0x35527090 (56 bytes)
1727461946.072378 sending message 105 to peer 0x35527090 (92 bytes)
1727461946.072382 sending message 105 to peer 0x35527090 (17 bytes)
1727461946.072386 sending message 105 to peer 0x35527090 (21 bytes)
1727461946.072390 sending message 105 to peer 0x35527090 (208 bytes)
1727461946.072394 sending message 105 to peer 0x35527090 (570 bytes)
1727461946.072398 sending message 105 to peer 0x35527090 (82 bytes)
1727461946.072402 sending message 105 to peer 0x35527090 (35 bytes)
1727461946.072407 sending message 105 to peer 0x35527090 (2672 bytes)
1727461946.072433 sending message 105 to peer 0x35527090 (24 bytes)
1727461946.072441 sending message 105 to peer 0x35527090 (33 bytes)
1727461946.072445 sending message 105 to peer 0x35527090 (23 bytes)
1727461946.072449 sending message 105 to peer 0x35527090 (355 bytes)
1727461946.072454 sending message 105 to peer 0x35527090 (723 bytes)
1727461946.072458 sending message 105 to peer 0x35527090 (20 bytes)
1727461946.072461 sending message 105 to peer 0x35527090 (437 bytes)
1727461946.072466 sending message 105 to peer 0x35527090 (47 bytes)
1727461946.072469 sending message 105 to peer 0x35527090 (23 bytes)
1727461946.072473 sending message 105 to peer 0x35527090 (13 bytes)
1727461946.072477 sending message 105 to peer 0x35527090 (90 bytes)
1727461946.072481 sending message 105 to peer 0x35527090 (15 bytes)
1727461946.072485 sending message 105 to peer 0x35527090 (60 bytes)
1727461946.072488 sending message 105 to peer 0x35527090 (53 bytes)
1727461946.072492 sending message 105 to peer 0x35527090 (18 bytes)
1727461946.072496 sending message 105 to peer 0x35527090 (17 bytes)
1727461946.072499 sending message 105 to peer 0x35527090 (6 bytes)
1727461946.072503 sending message 105 to peer 0x35527090 (72 bytes)
1727461946.072507 sending message 105 to peer 0x35527090 (87 bytes)
1727461946.072511 sending message 105 to peer 0x35527090 (227 bytes)
1727461946.072515 sending message 105 to peer 0x35527090 (22 bytes)
1727461946.072519 sending message 105 to peer 0x35527090 (64 bytes)
1727461946.072523 sending message 105 to peer 0x35527090 (112 bytes)
1727461946.072527 sending message 105 to peer 0x35527090 (17 bytes)
1727461946.072531 sending message 105 to peer 0x35527090 (1905 bytes)
1727461946.072536 sending message 105 to peer 0x35527090 (16 bytes)
1727461946.072540 sending message 105 to peer 0x35527090 (20 bytes)
1727461946.072544 sending message 105 to peer 0x35527090 (144 bytes)
1727461946.072548 sending message 105 to peer 0x35527090 (51 bytes)
1727461946.072552 sending message 105 to peer 0x35527090 (107 bytes)
1727461946.072556 sending message 105 to peer 0x35527090 (43 bytes)
1727461946.072560 sending message 105 to peer 0x35527090 (165 bytes)
1727461946.072564 sending message 105 to peer 0x35527090 (113 bytes)
1727461946.072567 sending message 105 to peer 0x35527090 (179 bytes)
1727461946.072571 sending message 105 to peer 0x35527090 (61 bytes)
1727461946.072575 sending message 105 to peer 0x35527090 (83 bytes)
1727461946.072579 sending message 105 to peer 0x35527090 (35 bytes)
1727461946.072583 sending message 105 to peer 0x35527090 (12 bytes)
1727461946.072586 sending message 105 to peer 0x35527090 (11 bytes)
1727461946.072591 sending message 105 to peer 0x35527090 (416 bytes)
1727461946.072595 sending message 105 to peer 0x35527090 (32 bytes)
1727461946.072599 sending message 105 to peer 0x35527090 (313 bytes)
1727461946.072603 sending message 105 to peer 0x35527090 (86 bytes)
1727461946.072607 sending message 105 to peer 0x35527090 (37 bytes)
1727461946.072611 sending message 105 to peer 0x35527090 (8 bytes)
1727461946.072615 sending message 105 to peer 0x35527090 (103 bytes)
1727461946.072619 sending message 105 to peer 0x35527090 (99 bytes)
1727461946.072622 sending message 105 to peer 0x35527090 (41 bytes)
1727461946.072626 sending message 105 to peer 0x35527090 (22 bytes)
1727461946.072630 sending message 105 to peer 0x35527090 (19 bytes)
1727461946.072634 sending message 105 to peer 0x35527090 (85 bytes)
1727461946.072638 sending message 105 to peer 0x35527090 (270 bytes)
1727461946.072642 sending message 105 to peer 0x35527090 (18 bytes)
1727461946.072646 sending message 105 to peer 0x35527090 (25 bytes)
1727461946.072649 sending message 105 to peer 0x35527090 (45 bytes)
1727461946.072653 sending message 105 to peer 0x35527090 (13 bytes)
1727461946.072657 sending message 105 to peer 0x35527090 (27 bytes)
1727461946.072661 sending message 105 to peer 0x35527090 (120 bytes)
1727461946.072665 sending message 105 to peer 0x35527090 (20 bytes)
1727461946.072668 sending message 105 to peer 0x35527090 (14 bytes)
1727461946.072672 sending message 105 to peer 0x35527090 (18 bytes)
1727461946.072681 sending message 105 to peer 0x35527090 (26 bytes)
1727461946.072685 sending message 105 to peer 0x35527090 (54 bytes)
1727461946.072689 sending message 105 to peer 0x35527090 (557 bytes)
1727461946.072693 sending message 105 to peer 0x35527090 (318 bytes)
1727461946.072697 sending message 105 to peer 0x35527090 (26 bytes)
1727461946.072701 sending message 105 to peer 0x35527090 (2644 bytes)
1727461946.072707 sending message 105 to peer 0x35527090 (23 bytes)
1727461946.072711 sending message 105 to peer 0x35527090 (31 bytes)
1727461946.072715 sending message 105 to peer 0x35527090 (23 bytes)
1727461946.072718 sending message 105 to peer 0x35527090 (26 bytes)
1727461946.072722 sending message 105 to peer 0x35527090 (25 bytes)
1727461946.072726 sending message 105 to peer 0x35527090 (34 bytes)
1727461946.072730 sending message 105 to peer 0x35527090 (24 bytes)
1727461946.072733 sending message 105 to peer 0x35527090 (20 bytes)
1727461946.072737 sending message 105 to peer 0x35527090 (31 bytes)
1727461946.072741 sending message 105 to peer 0x35527090 (10 bytes)
1727461946.072744 sending message 106 to peer 0x35527090 (0 bytes)
1727461946.072831 sending message 200 to peer 0x35527090 (4 bytes)
1727461946.072837 client loop enter
1727461946.076552 peer 0x35527090 message 303
1727461946.076576 open write file 2 -
1727461946.076590 sending message 305 to peer 0x35527090 (8 bytes)
1727461946.076604 write check file 2
1727461946.076891 peer 0x35527090 message 304
1727461946.076895 write 58 to file 2
1727461946.076900 peer 0x35527090 message 203
1727461946.076904 file 2 58 bytes left
1727461946.076918 write check file 2
1727461946.076921 client loop exit
